\BOOKMARK [1][-]{section.1}{\376\377\137\025\212\000}{}% 1
\BOOKMARK [2][-]{subsection.1.1}{\376\377\170\024\172\166\200\314\146\157}{section.1}% 2
\BOOKMARK [2][-]{subsection.1.2}{\376\377\170\024\172\166\166\356\166\204}{section.1}% 3
\BOOKMARK [1][-]{section.2}{\376\377\164\006\213\272\127\372\170\100}{}% 4
\BOOKMARK [2][-]{subsection.2.1}{\376\377\000K\000-\000m\000e\000a\000n\000s\173\227\154\325\123\237\164\006}{section.2}% 5
\BOOKMARK [2][-]{subsection.2.2}{\376\377\213\304\117\060\143\007\150\007}{section.2}% 6
\BOOKMARK [1][-]{section.3}{\376\377\133\236\232\214\213\276\213\241}{}% 7
\BOOKMARK [2][-]{subsection.3.1}{\376\377\145\160\143\156\226\306\213\364\146\016}{section.3}% 8
\BOOKMARK [2][-]{subsection.3.2}{\376\377\133\236\232\214\163\257\130\203}{section.3}% 9
\BOOKMARK [2][-]{subsection.3.3}{\376\377\133\236\232\214\155\101\172\013}{section.3}% 10
\BOOKMARK [1][-]{section.4}{\376\377\133\236\232\214\176\323\147\234\116\016\122\006\147\220}{}% 11
\BOOKMARK [2][-]{subsection.4.1}{\376\377\145\160\143\156\122\006\136\003\122\006\147\220}{section.4}% 12
\BOOKMARK [2][-]{subsection.4.2}{\376\377\200\132\174\173\176\323\147\234\122\006\147\220}{section.4}% 13
\BOOKMARK [3][-]{subsubsection.4.2.1}{\376\377\147\000\117\030\000K\120\074\220\011\142\351}{subsection.4.2}% 14
\BOOKMARK [3][-]{subsubsection.4.2.2}{\376\377\200\132\174\173\145\110\147\234\213\304\117\060}{subsection.4.2}% 15
\BOOKMARK [2][-]{subsection.4.3}{\376\377\173\227\154\325\140\047\200\375\122\006\147\220}{section.4}% 16
\BOOKMARK [1][-]{section.5}{\376\377\176\323\213\272\116\016\134\125\147\033}{}% 17
\BOOKMARK [2][-]{subsection.5.1}{\376\377\116\073\211\201\176\323\213\272}{section.5}% 18
\BOOKMARK [2][-]{subsection.5.2}{\376\377\145\071\217\333\145\271\124\021}{section.5}% 19
\BOOKMARK [1][-]{section.6}{\376\377\123\302\200\003\145\207\163\056}{}% 20
\BOOKMARK [1][-]{appendix.A}{\376\377\116\343\170\001\133\236\163\260}{}% 21
\BOOKMARK [2][-]{subsection.A.1}{\376\377\000K\000-\000m\000e\000a\000n\000s\150\070\137\303\133\236\163\260}{appendix.A}% 22
\BOOKMARK [2][-]{subsection.A.2}{\376\377\145\160\143\156\123\357\211\306\123\026\133\236\163\260}{appendix.A}% 23
